[ 2026-05-02 11:27:07,284 ] 13 root - INFO - Prediction Pipeline initialized successfully.
[ 2026-05-02 11:27:07,296 ] 97 werkzeug - WARNING -  * Debugger is active!
[ 2026-05-02 11:27:07,312 ] 97 werkzeug - INFO -  * Debugger PIN: 142-471-330
[ 2026-05-02 11:27:14,183 ] 39 root - INFO - Prediction dataset shape:(5, 9)
[ 2026-05-02 11:27:14,183 ] 30 root - INFO - Starting prediction pipeline.
[ 2026-05-02 11:27:14,351 ] 19 root - INFO - Engineering lag and rolling mean features.
[ 2026-05-02 11:27:14,690 ] 54 root - INFO - Shape of X_predict after transformation(0, 16)
[ 2026-05-02 11:27:14,715 ] 97 werkzeug - INFO - 127.0.0.1 - - [02/May/2026 11:27:14] "[35m[1mPOST /predict HTTP/1.1[0m" 500 -
[ 2026-05-02 11:29:33,647 ] 39 root - INFO - Prediction dataset shape:(13, 9)
[ 2026-05-02 11:29:33,648 ] 30 root - INFO - Starting prediction pipeline.
[ 2026-05-02 11:29:33,822 ] 19 root - INFO - Engineering lag and rolling mean features.
[ 2026-05-02 11:29:33,958 ] 54 root - INFO - Shape of X_predict after transformation(0, 16)
[ 2026-05-02 11:29:33,966 ] 97 werkzeug - INFO - 127.0.0.1 - - [02/May/2026 11:29:33] "[35m[1mPOST /predict HTTP/1.1[0m" 500 -
[ 2026-05-02 11:32:30,483 ] 39 root - INFO - Prediction dataset shape:(13, 8)
[ 2026-05-02 11:32:30,484 ] 30 root - INFO - Starting prediction pipeline.
[ 2026-05-02 11:32:30,660 ] 19 root - INFO - Engineering lag and rolling mean features.
[ 2026-05-02 11:32:30,821 ] 54 root - INFO - Shape of X_predict after transformation(13, 16)
[ 2026-05-02 11:32:30,825 ] 60 root - INFO - Prediction successful.
[ 2026-05-02 11:32:30,829 ] 97 werkzeug - INFO - 127.0.0.1 - - [02/May/2026 11:32:30] "POST /predict HTTP/1.1" 200 -
[ 2026-05-02 11:33:04,772 ] 97 werkzeug - INFO -  * Detected change in '/Users/prince-khatri/Documents/Learning/Meals_prediction_model/src/pipelines/predict_pipeline.py', reloading
